ERROR:root:Request error while processing URL: https://www.amazon.in/Wesley-Milestone-Waterproof-Backpack-Business/dp/B084JGJ8PF/ref=ice_ac_b_dpb
503 Server Error: Service Unavailable for url: https://www.amazon.in/Wesley-Milestone-Waterproof-Backpack-Business/dp/B084JGJ8PF/ref=ice_ac_b_dpb
ERROR:root:Request error while processing URL: https://www.amazon.in/FUR-JADEN-Leatherette-Polypropylene-DUFF05/dp/B07M9BRCQ5
503 Server Error: Service Unavailable for url: https://www.amazon.in/FUR-JADEN-Leatherette-Polypropylene-DUFF05/dp/B07M9BRCQ5
ERROR:root:Request error while processing URL: https://www.amazon.in/Wesley-Spartan-Hiking-Raincover-Organiser/dp/B098QFF5TJ
503 Server Error: Service Unavailable for url: https://www.amazon.in/Wesley-Spartan-Hiking-Raincover-Organiser/dp/B098QFF5TJ
ERROR:root:Request error while processing URL: https://www.amazon.in/Lenovo-15-6-Inches-Everyday-Backpack/dp/B08R7RPVJF
503 Server Error: Service Unavailable for url: https://www.amazon.in/Lenovo-15-6-Inches-Everyday-Backpack/dp/B08R7RPVJF
ERROR:root:Request error while processing URL: https://www.amazon.in/Half-Moon-Backpack-Luggage-Compartment/dp/B09VCLZ3K4
503 Server Error: Service Unavailable for url: https://www.amazon.in/Half-Moon-Backpack-Luggage-Compartment/dp/B09VCLZ3K4
ERROR:root:Request error while processing URL: https://www.amazon.in/Half-Moon-Resistant-Backpack-Compartment/dp/B0BJ32LQ6X
503 Server Error: Service Unavailable for url: https://www.amazon.in/Half-Moon-Resistant-Backpack-Compartment/dp/B0BJ32LQ6X
ERROR:root:Request error while processing URL: https://www.amazon.in/Safari-Laptop-Backpack-Raincover-college/dp/B097JH4V5G
503 Server Error: Service Unavailable for url: https://www.amazon.in/Safari-Laptop-Backpack-Raincover-college/dp/B097JH4V5G
ERROR:root:Request error while processing URL: https://www.amazon.in/ADISA-BP010-Weight-Casual-Backpack/dp/B07MXL986B
503 Server Error: Service Unavailable for url: https://www.amazon.in/ADISA-BP010-Weight-Casual-Backpack/dp/B07MXL986B
ERROR:root:Request error while processing URL: https://www.amazon.in/ADISA-BP004-Weight-Casual-Backpack/dp/B07G3CG9FC
503 Server Error: Service Unavailable for url: https://www.amazon.in/ADISA-BP004-Weight-Casual-Backpack/dp/B07G3CG9FC
ERROR:root:Request error while processing URL: https://www.amazon.in/Safari-45L-21-OB-BLK/dp/B07BZ5VC4H
503 Server Error: Service Unavailable for url: https://www.amazon.in/Safari-45L-21-OB-BLK/dp/B07BZ5VC4H
ERROR:root:Request error while processing URL: https://www.amazon.in/Number-Backpack-Compartment-Charging-Organizer/dp/B09VTDMRY7
503 Server Error: Service Unavailable for url: https://www.amazon.in/Number-Backpack-Compartment-Charging-Organizer/dp/B09VTDMRY7
ERROR:root:Request error while processing URL: https://www.amazon.in/Police-Polyester-laptop-casual-backpack/dp/B09CQ5T3LN
503 Server Error: Service Unavailable for url: https://www.amazon.in/Police-Polyester-laptop-casual-backpack/dp/B09CQ5T3LN
ERROR:root:Request error while processing URL: https://www.amazon.in/Gear-Classic-Leather-Backpack-LBPCLSLTH0201/dp/B07G4F6XFH
503 Server Error: Service Unavailable for url: https://www.amazon.in/Gear-Classic-Leather-Backpack-LBPCLSLTH0201/dp/B07G4F6XFH
ERROR:root:Request error while processing URL: https://www.amazon.in/Wesley-Milestone-Waterproof-Backpack-Business/dp/B085S444JV
503 Server Error: Service Unavailable for url: https://www.amazon.in/Wesley-Milestone-Waterproof-Backpack-Business/dp/B085S444JV
ERROR:root:Request error while processing URL: https://www.amazon.in/Wesley-Milestone-Waterproof-Backpack-Business/dp/B084JGJ8PF/ref=ice_ac_b_dpb
503 Server Error: Service Unavailable for url: https://www.amazon.in/Wesley-Milestone-Waterproof-Backpack-Business/dp/B084JGJ8PF/ref=ice_ac_b_dpb
ERROR:root:Request error while processing URL: https://www.amazon.in/gp/bestsellers/luggage/2917436031/ref=sr_bs_1_2917436031_1
503 Server Error: Service Unavailable for url: https://www.amazon.in/gp/bestsellers/luggage/2917436031/ref=sr_bs_1_2917436031_1
ERROR:root:Request error while processing URL: https://www.amazon.in/FUR-JADEN-Leatherette-Polypropylene-DUFF05/dp/B07M9BRCQ5
503 Server Error: Service Unavailable for url: https://www.amazon.in/FUR-JADEN-Leatherette-Polypropylene-DUFF05/dp/B07M9BRCQ5
ERROR:root:Request error while processing URL: https://www.amazon.in/Wesley-Spartan-Hiking-Raincover-Organiser/dp/B098QFF5TJ
503 Server Error: Service Unavailable for url: https://www.amazon.in/Wesley-Spartan-Hiking-Raincover-Organiser/dp/B098QFF5TJ
ERROR:root:Request error while processing URL: https://www.amazon.in/Lenovo-15-6-Inches-Everyday-Backpack/dp/B08R7RPVJF
503 Server Error: Service Unavailable for url: https://www.amazon.in/Lenovo-15-6-Inches-Everyday-Backpack/dp/B08R7RPVJF
ERROR:root:Request error while processing URL: https://www.amazon.in/Half-Moon-Backpack-Luggage-Compartment/dp/B09VCLZ3K4
503 Server Error: Service Unavailable for url: https://www.amazon.in/Half-Moon-Backpack-Luggage-Compartment/dp/B09VCLZ3K4
ERROR:root:Request error while processing URL: https://www.amazon.in/Half-Moon-Resistant-Backpack-Compartment/dp/B0BJ32LQ6X
503 Server Error: Service Unavailable for url: https://www.amazon.in/Half-Moon-Resistant-Backpack-Compartment/dp/B0BJ32LQ6X
ERROR:root:Request error while processing URL: https://www.amazon.in/Safari-Laptop-Backpack-Raincover-college/dp/B097JH4V5G
503 Server Error: Service Unavailable for url: https://www.amazon.in/Safari-Laptop-Backpack-Raincover-college/dp/B097JH4V5G
ERROR:root:Request error while processing URL: https://www.amazon.in/ADISA-BP010-Weight-Casual-Backpack/dp/B07MXL986B
503 Server Error: Service Unavailable for url: https://www.amazon.in/ADISA-BP010-Weight-Casual-Backpack/dp/B07MXL986B
ERROR:root:Request error while processing URL: https://www.amazon.in/ADISA-BP004-Weight-Casual-Backpack/dp/B07G3CG9FC
503 Server Error: Service Unavailable for url: https://www.amazon.in/ADISA-BP004-Weight-Casual-Backpack/dp/B07G3CG9FC
ERROR:root:Request error while processing URL: https://www.amazon.in/Safari-45L-21-OB-BLK/dp/B07BZ5VC4H
503 Server Error: Service Unavailable for url: https://www.amazon.in/Safari-45L-21-OB-BLK/dp/B07BZ5VC4H
ERROR:root:Request error while processing URL: https://www.amazon.in/Number-Backpack-Compartment-Charging-Organizer/dp/B09VTDMRY7
503 Server Error: Service Unavailable for url: https://www.amazon.in/Number-Backpack-Compartment-Charging-Organizer/dp/B09VTDMRY7
ERROR:root:Request error while processing URL: https://www.amazon.in/Gear-Classic-Leather-Backpack-LBPCLSLTH0201/dp/B07G4F6XFH
503 Server Error: Service Unavailable for url: https://www.amazon.in/Gear-Classic-Leather-Backpack-LBPCLSLTH0201/dp/B07G4F6XFH
ERROR:root:Request error while processing URL: https://www.amazon.in/Wesley-Milestone-Waterproof-Backpack-Business/dp/B085S444JV
503 Server Error: Service Unavailable for url: https://www.amazon.in/Wesley-Milestone-Waterproof-Backpack-Business/dp/B085S444JV
ERROR:root:Request error while processing URL: https://www.amazon.in/Wesley-Milestone-Waterproof-Backpack-Business/dp/B084JGJ8PF/ref=ice_ac_b_dpb
503 Server Error: Service Unavailable for url: https://www.amazon.in/Wesley-Milestone-Waterproof-Backpack-Business/dp/B084JGJ8PF/ref=ice_ac_b_dpb
ERROR:root:Request error while processing URL: https://www.amazon.in/FUR-JADEN-Leatherette-Polypropylene-DUFF05/dp/B07M9BRCQ5
503 Server Error: Service Unavailable for url: https://www.amazon.in/FUR-JADEN-Leatherette-Polypropylene-DUFF05/dp/B07M9BRCQ5
ERROR:root:Request error while processing URL: https://www.amazon.in/Wesley-Spartan-Hiking-Raincover-Organiser/dp/B098QFF5TJ
503 Server Error: Service Unavailable for url: https://www.amazon.in/Wesley-Spartan-Hiking-Raincover-Organiser/dp/B098QFF5TJ
ERROR:root:Request error while processing URL: https://www.amazon.in/Lenovo-15-6-Inches-Everyday-Backpack/dp/B08R7RPVJF
503 Server Error: Service Unavailable for url: https://www.amazon.in/Lenovo-15-6-Inches-Everyday-Backpack/dp/B08R7RPVJF
ERROR:root:Request error while processing URL: https://www.amazon.in/Half-Moon-Backpack-Luggage-Compartment/dp/B09VCLZ3K4
503 Server Error: Service Unavailable for url: https://www.amazon.in/Half-Moon-Backpack-Luggage-Compartment/dp/B09VCLZ3K4
ERROR:root:Request error while processing URL: https://www.amazon.in/Half-Moon-Resistant-Backpack-Compartment/dp/B0BJ32LQ6X
503 Server Error: Service Unavailable for url: https://www.amazon.in/Half-Moon-Resistant-Backpack-Compartment/dp/B0BJ32LQ6X
ERROR:root:Request error while processing URL: https://www.amazon.in/Safari-Laptop-Backpack-Raincover-college/dp/B097JH4V5G
503 Server Error: Service Unavailable for url: https://www.amazon.in/Safari-Laptop-Backpack-Raincover-college/dp/B097JH4V5G
ERROR:root:Request error while processing URL: https://www.amazon.in/ADISA-BP010-Weight-Casual-Backpack/dp/B07MXL986B
503 Server Error: Service Unavailable for url: https://www.amazon.in/ADISA-BP010-Weight-Casual-Backpack/dp/B07MXL986B
ERROR:root:Request error while processing URL: https://www.amazon.in/Safari-45L-21-OB-BLK/dp/B07BZ5VC4H
503 Server Error: Service Unavailable for url: https://www.amazon.in/Safari-45L-21-OB-BLK/dp/B07BZ5VC4H
ERROR:root:Request error while processing URL: https://www.amazon.in/Number-Backpack-Compartment-Charging-Organizer/dp/B09VTDMRY7
503 Server Error: Service Unavailable for url: https://www.amazon.in/Number-Backpack-Compartment-Charging-Organizer/dp/B09VTDMRY7
ERROR:root:Request error while processing URL: https://www.amazon.in/Police-Polyester-laptop-casual-backpack/dp/B09CQ5T3LN
503 Server Error: Service Unavailable for url: https://www.amazon.in/Police-Polyester-laptop-casual-backpack/dp/B09CQ5T3LN
ERROR:root:Request error while processing URL: https://www.amazon.in/Gear-Classic-Leather-Backpack-LBPCLSLTH0201/dp/B07G4F6XFH
503 Server Error: Service Unavailable for url: https://www.amazon.in/Gear-Classic-Leather-Backpack-LBPCLSLTH0201/dp/B07G4F6XFH
ERROR:root:Request error while processing URL: https://www.amazon.in/Wesley-Milestone-Waterproof-Backpack-Business/dp/B085S444JV
503 Server Error: Service Unavailable for url: https://www.amazon.in/Wesley-Milestone-Waterproof-Backpack-Business/dp/B085S444JV
ERROR:root:Request error while processing URL: https://www.amazon.in/Wesley-Milestone-Waterproof-Backpack-Business/dp/B084JGJ8PF/ref=ice_ac_b_dpb
503 Server Error: Service Unavailable for url: https://www.amazon.in/Wesley-Milestone-Waterproof-Backpack-Business/dp/B084JGJ8PF
ERROR:root:Request error while processing URL: https://www.amazon.in/FUR-JADEN-Leatherette-Polypropylene-DUFF05/dp/B07M9BRCQ5
503 Server Error: Service Unavailable for url: https://www.amazon.in/FUR-JADEN-Leatherette-Polypropylene-DUFF05/dp/B07M9BRCQ5
ERROR:root:Request error while processing URL: https://www.amazon.in/Wesley-Spartan-Hiking-Raincover-Organiser/dp/B098QFF5TJ
503 Server Error: Service Unavailable for url: https://www.amazon.in/Wesley-Spartan-Hiking-Raincover-Organiser/dp/B098QFF5TJ
ERROR:root:Request error while processing URL: https://www.amazon.in/Lenovo-15-6-Inches-Everyday-Backpack/dp/B08R7RPVJF
503 Server Error: Service Unavailable for url: https://www.amazon.in/Lenovo-15-6-Inches-Everyday-Backpack/dp/B08R7RPVJF
ERROR:root:Request error while processing URL: https://www.amazon.in/Half-Moon-Backpack-Luggage-Compartment/dp/B09VCLZ3K4
503 Server Error: Service Unavailable for url: https://www.amazon.in/Half-Moon-Backpack-Luggage-Compartment/dp/B09VCLZ3K4
ERROR:root:Request error while processing URL: https://www.amazon.in/Half-Moon-Resistant-Backpack-Compartment/dp/B0BJ32LQ6X
503 Server Error: Service Unavailable for url: https://www.amazon.in/Half-Moon-Resistant-Backpack-Compartment/dp/B0BJ32LQ6X
ERROR:root:Request error while processing URL: https://www.amazon.in/Safari-Laptop-Backpack-Raincover-college/dp/B097JH4V5G
503 Server Error: Service Unavailable for url: https://www.amazon.in/Safari-Laptop-Backpack-Raincover-college/dp/B097JH4V5G
ERROR:root:Request error while processing URL: https://www.amazon.in/ADISA-BP004-Weight-Casual-Backpack/dp/B07G3CG9FC
503 Server Error: Service Unavailable for url: https://www.amazon.in/ADISA-BP004-Weight-Casual-Backpack/dp/B07G3CG9FC
ERROR:root:Request error while processing URL: https://www.amazon.in/Safari-45L-21-OB-BLK/dp/B07BZ5VC4H
503 Server Error: Service Unavailable for url: https://www.amazon.in/Safari-45L-21-OB-BLK/dp/B07BZ5VC4H
ERROR:root:Request error while processing URL: https://www.amazon.in/Number-Backpack-Compartment-Charging-Organizer/dp/B09VTDMRY7
503 Server Error: Service Unavailable for url: https://www.amazon.in/Number-Backpack-Compartment-Charging-Organizer/dp/B09VTDMRY7
ERROR:root:Request error while processing URL: https://www.amazon.in/Police-Polyester-laptop-casual-backpack/dp/B09CQ5T3LN
503 Server Error: Service Unavailable for url: https://www.amazon.in/Police-Polyester-laptop-casual-backpack/dp/B09CQ5T3LN
ERROR:root:Request error while processing URL: https://www.amazon.in/Gear-Classic-Leather-Backpack-LBPCLSLTH0201/dp/B07G4F6XFH
503 Server Error: Service Unavailable for url: https://www.amazon.in/Gear-Classic-Leather-Backpack-LBPCLSLTH0201/dp/B07G4F6XFH
ERROR:root:Request error while processing URL: https://www.amazon.in/Wesley-Milestone-Waterproof-Backpack-Business/dp/B085S444JV
503 Server Error: Service Unavailable for url: https://www.amazon.in/Wesley-Milestone-Waterproof-Backpack-Business/dp/B085S444JV
